<?xml version="1.0" encoding="UTF-8"?>
<!-- Generated by org.testng.reporters.JUnitReportReporter -->
<testsuite hostname="LULU" failures="0" tests="5" name="SeleniumWebSignupTest" time="29.103" errors="0" timestamp="2021-12-13T01:35:55 GMT" skipped="0">
  <testcase classname="SeleniumWebSignupTest" name="positiveSignup" time="6.036"/>
  <system-out/>
  <testcase classname="SeleniumWebSignupTest" name="clickUser1Item" time="1.126"/>
  <system-out/>
  <testcase classname="SeleniumWebSignupTest" name="logoutSuccesfully" time="5.475"/>
  <system-out/>
  <testcase classname="SeleniumWebSignupTest" name="negativeSignupUsername" time="10.892"/>
  <system-out/>
  <testcase classname="SeleniumWebSignupTest" name="negativeSignupEmail" time="5.574"/>
  <system-out/>
</testsuite> <!-- SeleniumWebSignupTest -->
